<?xml version="1.0" ?>
<!DOCTYPE coverage SYSTEM "http://cobertura.sourceforge.net/xml/coverage-04.dtd">
<coverage lines-valid="2" lines-covered="1" line-rate="0.5" branches-valid="0" branches-covered="0" branch-rate="0" version="synthetic" timestamp="0">
  <packages>
    <package name="src" line-rate="0.5" branch-rate="0">
      <classes>
        <class name="engine" filename="src/engine.py" line-rate="0.5" branch-rate="0">
          <lines>
            <line number="1" hits="1"/>
            <line number="2" hits="0"/>
          </lines>
        </class>
      </classes>
    </package>
  </packages>
</coverage>
